<?xml version="1.0" encoding="UTF-8"?>
<robot generator="Robot 6.1 (Python 3.11.1 on win32)" generated="20230712 20:42:20.039" rpa="false" schemaversion="4">
<suite id="s1" name="Test" source="C:\Code\MitmLibrary\Test.robot">
<test id="s1-t1" name="Do A Test" line="11">
<kw name="Start Proxy" library="MitmLibrary">
<arg>localhost</arg>
<arg>${8080}</arg>
<arg>certificates_directory=./certificates</arg>
<status status="PASS" starttime="20230712 20:42:22.232" endtime="20230712 20:42:22.246"/>
</kw>
<kw name="New Browser" library="Browser">
<arg>browser=chromium</arg>
<arg>headless=False</arg>
<arg>proxy=${PROXY_DICT}</arg>
<arg>devtools=True</arg>
<tag>BrowserControl</tag>
<tag>Setter</tag>
<doc>Create a new playwright Browser with specified options.</doc>
<msg timestamp="20230712 20:42:22.247" level="INFO">{"browser": "chromium", "headless": false, "devtools": true, "handleSIGHUP": true, "handleSIGINT": true, "handleSIGTERM": true, "proxy": {"server": "http://localhost:8080"}, "slowMo": 0.0, "timeout": 30000.0, "deprecated_pos_args": [], "tracesDir": "C:\\Code\\MitmLibrary\\Logs\\browser\\traces\\7b8520e7-650c-469a-99c9-8fd12cce958b"}</msg>
<msg timestamp="20230712 20:42:22.789" level="INFO">Successfully created browser with options: {"browser":"chromium","headless":false,"devtools":true,"handleSIGHUP":true,"handleSIGINT":true,"handleSIGTERM":true,"proxy":{"server":"http://localhost:8080"},"slowMo":0,"timeout":30000,"deprecated_pos_args":[],"tracesDir":"C:\\Code\\MitmLibrary\\Logs\\browser\\traces\\7b8520e7-650c-469a-99c9-8fd12cce958b"}</msg>
<status status="PASS" starttime="20230712 20:42:22.246" endtime="20230712 20:42:22.789"/>
</kw>
<kw name="New Context" library="Browser">
<tag>BrowserControl</tag>
<tag>Setter</tag>
<doc>Create a new BrowserContext with specified options.</doc>
<msg timestamp="20230712 20:42:22.791" level="INFO">{
  "acceptDownloads": true,
  "bypassCSP": false,
  "forcedColors": "none",
  "hideRfBrowser": false,
  "ignoreHTTPSErrors": false,
  "javaScriptEnabled": true,
  "offline": false,
  "reducedMotion": "no-preference",
  "viewport": {
    "width": 1280,
    "height": 720
  },
  "deprecated_pos_args": []
}</msg>
<msg timestamp="20230712 20:42:22.816" level="INFO">Successfully created context. </msg>
<msg timestamp="20230712 20:42:22.816" level="INFO">{'acceptDownloads': True, 'bypassCSP': False, 'forcedColors': 'none', 'hideRfBrowser': False, 'ignoreHTTPSErrors': False, 'javaScriptEnabled': True, 'offline': False, 'reducedMotion': 'no-preference', 'viewport': {'width': 1280, 'height': 720}, 'deprecated_pos_args': []}</msg>
<status status="PASS" starttime="20230712 20:42:22.790" endtime="20230712 20:42:22.816"/>
</kw>
<kw name="New Page" library="Browser">
<arg>https://www.hollandsnieuwe.nl/</arg>
<tag>BrowserControl</tag>
<tag>Setter</tag>
<doc>Open a new Page.</doc>
<msg timestamp="20230712 20:42:23.956" level="INFO">Successfully initialized new page object and opened url: https://www.hollandsnieuwe.nl/</msg>
<status status="PASS" starttime="20230712 20:42:22.817" endtime="20230712 20:42:23.957"/>
</kw>
<kw name="Create Dictionary" library="BuiltIn">
<var>${body}</var>
<arg>id=300</arg>
<arg>type=MEMBER_GET_MEMBER</arg>
<arg>subType=MGM_MIJNHN</arg>
<doc>Creates and returns a dictionary based on the given ``items``.</doc>
<msg timestamp="20230712 20:42:23.958" level="INFO">${body} = {'id': '300', 'type': 'MEMBER_GET_MEMBER', 'subType': 'MGM_MIJNHN'}</msg>
<status status="PASS" starttime="20230712 20:42:23.958" endtime="20230712 20:42:23.958"/>
</kw>
<kw name="Create List" library="BuiltIn">
<var>${body}</var>
<arg>${body}</arg>
<doc>Returns a list containing given items.</doc>
<msg timestamp="20230712 20:42:23.961" level="INFO">${body} = [{'id': '300', 'type': 'MEMBER_GET_MEMBER', 'subType': 'MGM_MIJNHN'}]</msg>
<status status="PASS" starttime="20230712 20:42:23.960" endtime="20230712 20:42:23.961"/>
</kw>
<kw name="Make Custom Response" library="MitmLibrary">
<arg>url=cm/online/features</arg>
<arg>overwrite_body=${body}</arg>
<status status="PASS" starttime="20230712 20:42:23.961" endtime="20230712 20:42:23.962"/>
</kw>
<kw name="Reload" library="Browser">
<tag>BrowserControl</tag>
<tag>Setter</tag>
<doc>Reloads current active page.</doc>
<msg timestamp="20230712 20:42:24.454" level="INFO">Reloaded page</msg>
<status status="PASS" starttime="20230712 20:42:23.963" endtime="20230712 20:42:24.455"/>
</kw>
<kw name="Sleep" library="BuiltIn">
<arg>2s</arg>
<doc>Pauses the test executed for the given time.</doc>
<msg timestamp="20230712 20:42:26.457" level="INFO">Slept 2 seconds</msg>
<status status="PASS" starttime="20230712 20:42:24.455" endtime="20230712 20:42:26.457"/>
</kw>
<kw name="Add To Blocklist" library="MitmLibrary">
<arg>hollandsnieuwe</arg>
<status status="PASS" starttime="20230712 20:42:26.457" endtime="20230712 20:42:26.457"/>
</kw>
<kw name="Run Keyword And Return Status" library="BuiltIn">
<var>${status}</var>
<arg>Go To</arg>
<arg>https://www.hollandsnieuwe.nl/</arg>
<doc>Runs the given keyword with given arguments and returns the status as a Boolean value.</doc>
<kw name="Go To" library="Browser">
<arg>https://www.hollandsnieuwe.nl/</arg>
<tag>BrowserControl</tag>
<tag>Setter</tag>
<doc>Navigates to the given ``url``.</doc>
<msg timestamp="20230712 20:42:26.709" level="INFO" html="true">&lt;/td&gt;&lt;/tr&gt;&lt;tr&gt;&lt;td colspan="3"&gt;&lt;a href="browser/screenshot/fail-screenshot-1.png" target="_blank"&gt;&lt;img src="browser/screenshot/fail-screenshot-1.png" width="800px"/&gt;&lt;/a&gt;</msg>
<msg timestamp="20230712 20:42:26.709" level="INFO">See also file:///C:/Code/MitmLibrary/Logs/playwright-log.txt for additional details.</msg>
<msg timestamp="20230712 20:42:26.709" level="FAIL">Error: page.goto: net::ERR_HTTP2_PROTOCOL_ERROR at https://www.hollandsnieuwe.nl/
=========================== logs ===========================
navigating to "https://www.hollandsnieuwe.nl/", waiting until "load"
============================================================</msg>
<status status="FAIL" starttime="20230712 20:42:26.457" endtime="20230712 20:42:26.714"/>
</kw>
<msg timestamp="20230712 20:42:26.714" level="INFO">${status} = False</msg>
<status status="PASS" starttime="20230712 20:42:26.457" endtime="20230712 20:42:26.714"/>
</kw>
<kw name="Add To Blocklist" library="MitmLibrary">
<arg>google</arg>
<status status="PASS" starttime="20230712 20:42:26.714" endtime="20230712 20:42:26.715"/>
</kw>
<kw name="Run Keyword And Return Status" library="BuiltIn">
<var>${status}</var>
<arg>Go To</arg>
<arg>https://www.google.nl/</arg>
<doc>Runs the given keyword with given arguments and returns the status as a Boolean value.</doc>
<kw name="Go To" library="Browser">
<arg>https://www.google.nl/</arg>
<tag>BrowserControl</tag>
<tag>Setter</tag>
<doc>Navigates to the given ``url``.</doc>
<msg timestamp="20230712 20:42:26.946" level="INFO" html="true">&lt;/td&gt;&lt;/tr&gt;&lt;tr&gt;&lt;td colspan="3"&gt;&lt;a href="browser/screenshot/fail-screenshot-2.png" target="_blank"&gt;&lt;img src="browser/screenshot/fail-screenshot-2.png" width="800px"/&gt;&lt;/a&gt;</msg>
<msg timestamp="20230712 20:42:26.946" level="INFO">See also file:///C:/Code/MitmLibrary/Logs/playwright-log.txt for additional details.</msg>
<msg timestamp="20230712 20:42:26.946" level="FAIL">Error: page.goto: net::ERR_HTTP2_PROTOCOL_ERROR at https://www.google.nl/
=========================== logs ===========================
navigating to "https://www.google.nl/", waiting until "load"
============================================================</msg>
<status status="FAIL" starttime="20230712 20:42:26.715" endtime="20230712 20:42:26.948"/>
</kw>
<msg timestamp="20230712 20:42:26.948" level="INFO">${status} = False</msg>
<status status="PASS" starttime="20230712 20:42:26.715" endtime="20230712 20:42:26.948"/>
</kw>
<kw name="Should Be True" library="BuiltIn">
<arg>not ${status}</arg>
<doc>Fails if the given condition is not true.</doc>
<status status="PASS" starttime="20230712 20:42:26.948" endtime="20230712 20:42:26.949"/>
</kw>
<kw name="Run Keyword And Return Status" library="BuiltIn">
<var>${status}</var>
<arg>Go To</arg>
<arg>https://www.hollandsnieuwe.nl/</arg>
<doc>Runs the given keyword with given arguments and returns the status as a Boolean value.</doc>
<kw name="Go To" library="Browser">
<arg>https://www.hollandsnieuwe.nl/</arg>
<tag>BrowserControl</tag>
<tag>Setter</tag>
<doc>Navigates to the given ``url``.</doc>
<msg timestamp="20230712 20:42:27.153" level="INFO" html="true">&lt;/td&gt;&lt;/tr&gt;&lt;tr&gt;&lt;td colspan="3"&gt;&lt;a href="browser/screenshot/fail-screenshot-3.png" target="_blank"&gt;&lt;img src="browser/screenshot/fail-screenshot-3.png" width="800px"/&gt;&lt;/a&gt;</msg>
<msg timestamp="20230712 20:42:27.153" level="INFO">See also file:///C:/Code/MitmLibrary/Logs/playwright-log.txt for additional details.</msg>
<msg timestamp="20230712 20:42:27.153" level="FAIL">Error: page.goto: net::ERR_HTTP2_PROTOCOL_ERROR at https://www.hollandsnieuwe.nl/
=========================== logs ===========================
navigating to "https://www.hollandsnieuwe.nl/", waiting until "load"
============================================================</msg>
<status status="FAIL" starttime="20230712 20:42:26.949" endtime="20230712 20:42:27.154"/>
</kw>
<msg timestamp="20230712 20:42:27.154" level="INFO">${status} = False</msg>
<status status="PASS" starttime="20230712 20:42:26.949" endtime="20230712 20:42:27.154"/>
</kw>
<kw name="Should Be True" library="BuiltIn">
<arg>not ${status}</arg>
<doc>Fails if the given condition is not true.</doc>
<status status="PASS" starttime="20230712 20:42:27.155" endtime="20230712 20:42:27.155"/>
</kw>
<kw name="Remove From Blocklist" library="MitmLibrary">
<arg>hollandsnieuwe</arg>
<status status="PASS" starttime="20230712 20:42:27.156" endtime="20230712 20:42:27.156"/>
</kw>
<kw name="Go To" library="Browser">
<arg>https://www.hollandsnieuwe.nl/</arg>
<tag>BrowserControl</tag>
<tag>Setter</tag>
<doc>Navigates to the given ``url``.</doc>
<msg timestamp="20230712 20:42:27.763" level="INFO">Successfully opened URL https://www.hollandsnieuwe.nl/</msg>
<status status="PASS" starttime="20230712 20:42:27.156" endtime="20230712 20:42:27.764"/>
</kw>
<kw name="Should Start With" library="BuiltIn">
<arg>ktj</arg>
<arg>k</arg>
<doc>Fails if the string ``str1`` does not start with the string ``str2``.</doc>
<status status="PASS" starttime="20230712 20:42:27.764" endtime="20230712 20:42:27.764"/>
</kw>
<kw name="Stop Proxy" library="MitmLibrary" type="TEARDOWN">
<status status="PASS" starttime="20230712 20:42:27.765" endtime="20230712 20:42:27.768"/>
</kw>
<status status="PASS" starttime="20230712 20:42:22.229" endtime="20230712 20:42:27.768"/>
</test>
<status status="PASS" starttime="20230712 20:42:20.041" endtime="20230712 20:42:27.875"/>
</suite>
<statistics>
<total>
<stat pass="1" fail="0" skip="0">All Tests</stat>
</total>
<tag>
</tag>
<suite>
<stat pass="1" fail="0" skip="0" id="s1" name="Test">Test</stat>
</suite>
</statistics>
<errors>
</errors>
</robot>
